build-Checkpoint_Worker_Auth-Android_Qt_5_15_2_Clang_Multi_Abi-Release/android-build/build/intermediates/manifest_merge_blame_file/debug/manifest-merger-blame-debug-report.txt
1<?xml version="1.0" encoding="utf-8"?>
2<manifest xmlns:android="http://schemas.android.com/apk/res/android"
3    package="com.scythestudio.qmlbarcodereader"
4    android:installLocation="auto"
5    android:versionCode="1"
6    android:versionName="1.0" >
7
8    <uses-sdk
9        android:minSdkVersion="21"
9-->build-Checkpoint_Worker_Auth-Android_Qt_5_15_2_Clang_Multi_Abi-Release/android-build/AndroidManifest.xml
10        android:targetSdkVersion="28" />
10-->build-Checkpoint_Worker_Auth-Android_Qt_5_15_2_Clang_Multi_Abi-Release/android-build/AndroidManifest.xml
11    <!--
12         The following comment will be replaced upon deployment with default permissions based on the dependencies of the application.
13         Remove the comment if you do not require these default permissions.
14    -->
15    <uses-permission android:name="android.permission.INTERNET" />
15-->build-Checkpoint_Worker_Auth-Android_Qt_5_15_2_Clang_Multi_Abi-Release/android-build/AndroidManifest.xml:5:5-67
15-->build-Checkpoint_Worker_Auth-Android_Qt_5_15_2_Clang_Multi_Abi-Release/android-build/AndroidManifest.xml:5:22-64
16    <uses-permission android:name="android.permission.WRITE_EXTERNAL_STORAGE" />
16-->build-Checkpoint_Worker_Auth-Android_Qt_5_15_2_Clang_Multi_Abi-Release/android-build/AndroidManifest.xml:6:5-81
16-->build-Checkpoint_Worker_Auth-Android_Qt_5_15_2_Clang_Multi_Abi-Release/android-build/AndroidManifest.xml:6:22-78
17    <uses-permission android:name="android.permission.ACCESS_NETWORK_STATE" />
17-->build-Checkpoint_Worker_Auth-Android_Qt_5_15_2_Clang_Multi_Abi-Release/android-build/AndroidManifest.xml:7:5-79
17-->build-Checkpoint_Worker_Auth-Android_Qt_5_15_2_Clang_Multi_Abi-Release/android-build/AndroidManifest.xml:7:22-76
18    <uses-permission android:name="android.permission.CAMERA" />
18-->build-Checkpoint_Worker_Auth-Android_Qt_5_15_2_Clang_Multi_Abi-Release/android-build/AndroidManifest.xml:8:5-65
18-->build-Checkpoint_Worker_Auth-Android_Qt_5_15_2_Clang_Multi_Abi-Release/android-build/AndroidManifest.xml:8:22-62
19    <uses-permission android:name="android.permission.RECORD_AUDIO" />
19-->build-Checkpoint_Worker_Auth-Android_Qt_5_15_2_Clang_Multi_Abi-Release/android-build/AndroidManifest.xml:9:5-71
19-->build-Checkpoint_Worker_Auth-Android_Qt_5_15_2_Clang_Multi_Abi-Release/android-build/AndroidManifest.xml:9:22-68
20
21    <!--
22         The following comment will be replaced upon deployment with default features based on the dependencies of the application.
23         Remove the comment if you do not require these default features.
24    -->
25    <uses-feature
25-->build-Checkpoint_Worker_Auth-Android_Qt_5_15_2_Clang_Multi_Abi-Release/android-build/AndroidManifest.xml:13:5-85
26        android:name="android.hardware.camera"
26-->build-Checkpoint_Worker_Auth-Android_Qt_5_15_2_Clang_Multi_Abi-Release/android-build/AndroidManifest.xml:13:19-57
27        android:required="false" />
27-->build-Checkpoint_Worker_Auth-Android_Qt_5_15_2_Clang_Multi_Abi-Release/android-build/AndroidManifest.xml:13:58-82
28    <uses-feature
28-->build-Checkpoint_Worker_Auth-Android_Qt_5_15_2_Clang_Multi_Abi-Release/android-build/AndroidManifest.xml:14:5-95
29        android:name="android.hardware.camera.autofocus"
29-->build-Checkpoint_Worker_Auth-Android_Qt_5_15_2_Clang_Multi_Abi-Release/android-build/AndroidManifest.xml:14:19-67
30        android:required="false" />
30-->build-Checkpoint_Worker_Auth-Android_Qt_5_15_2_Clang_Multi_Abi-Release/android-build/AndroidManifest.xml:14:68-92
31    <uses-feature
31-->build-Checkpoint_Worker_Auth-Android_Qt_5_15_2_Clang_Multi_Abi-Release/android-build/AndroidManifest.xml:15:5-89
32        android:name="android.hardware.microphone"
32-->build-Checkpoint_Worker_Auth-Android_Qt_5_15_2_Clang_Multi_Abi-Release/android-build/AndroidManifest.xml:15:19-61
33        android:required="false" />
33-->build-Checkpoint_Worker_Auth-Android_Qt_5_15_2_Clang_Multi_Abi-Release/android-build/AndroidManifest.xml:15:62-86
34
35    <supports-screens
35-->build-Checkpoint_Worker_Auth-Android_Qt_5_15_2_Clang_Multi_Abi-Release/android-build/AndroidManifest.xml:17:5-135
36        android:anyDensity="true"
36-->build-Checkpoint_Worker_Auth-Android_Qt_5_15_2_Clang_Multi_Abi-Release/android-build/AndroidManifest.xml:17:80-105
37        android:largeScreens="true"
37-->build-Checkpoint_Worker_Auth-Android_Qt_5_15_2_Clang_Multi_Abi-Release/android-build/AndroidManifest.xml:17:23-50
38        android:normalScreens="true"
38-->build-Checkpoint_Worker_Auth-Android_Qt_5_15_2_Clang_Multi_Abi-Release/android-build/AndroidManifest.xml:17:51-79
39        android:smallScreens="true" />
39-->build-Checkpoint_Worker_Auth-Android_Qt_5_15_2_Clang_Multi_Abi-Release/android-build/AndroidManifest.xml:17:106-133
40
41    <application
41-->build-Checkpoint_Worker_Auth-Android_Qt_5_15_2_Clang_Multi_Abi-Release/android-build/AndroidManifest.xml:19:5-89:19
42        android:name="org.qtproject.qt5.android.bindings.QtApplication"
42-->build-Checkpoint_Worker_Auth-Android_Qt_5_15_2_Clang_Multi_Abi-Release/android-build/AndroidManifest.xml:19:53-116
43        android:debuggable="true"
44        android:extractNativeLibs="true"
44-->build-Checkpoint_Worker_Auth-Android_Qt_5_15_2_Clang_Multi_Abi-Release/android-build/AndroidManifest.xml:19:150-182
45        android:hardwareAccelerated="true"
45-->build-Checkpoint_Worker_Auth-Android_Qt_5_15_2_Clang_Multi_Abi-Release/android-build/AndroidManifest.xml:19:18-52
46        android:icon="@drawable/icon"
46-->build-Checkpoint_Worker_Auth-Android_Qt_5_15_2_Clang_Multi_Abi-Release/android-build/AndroidManifest.xml:19:183-212
47        android:label="@string/app_name" >
47-->build-Checkpoint_Worker_Auth-Android_Qt_5_15_2_Clang_Multi_Abi-Release/android-build/AndroidManifest.xml:19:117-149
48        <activity
48-->build-Checkpoint_Worker_Auth-Android_Qt_5_15_2_Clang_Multi_Abi-Release/android-build/AndroidManifest.xml:20:9-85:16
49            android:name="org.qtproject.qt5.android.bindings.QtActivity"
49-->build-Checkpoint_Worker_Auth-Android_Qt_5_15_2_Clang_Multi_Abi-Release/android-build/AndroidManifest.xml:20:189-249
50            android:configChanges="orientation|uiMode|screenLayout|screenSize|smallestScreenSize|layoutDirection|locale|fontScale|keyboard|keyboardHidden|navigation|mcc|mnc|density"
50-->build-Checkpoint_Worker_Auth-Android_Qt_5_15_2_Clang_Multi_Abi-Release/android-build/AndroidManifest.xml:20:19-188
51            android:label="@string/app_name"
51-->build-Checkpoint_Worker_Auth-Android_Qt_5_15_2_Clang_Multi_Abi-Release/android-build/AndroidManifest.xml:20:250-282
52            android:launchMode="singleTop"
52-->build-Checkpoint_Worker_Auth-Android_Qt_5_15_2_Clang_Multi_Abi-Release/android-build/AndroidManifest.xml:20:323-353
53            android:screenOrientation="unspecified" >
53-->build-Checkpoint_Worker_Auth-Android_Qt_5_15_2_Clang_Multi_Abi-Release/android-build/AndroidManifest.xml:20:283-322
54            <intent-filter>
54-->build-Checkpoint_Worker_Auth-Android_Qt_5_15_2_Clang_Multi_Abi-Release/android-build/AndroidManifest.xml:21:13-24:29
55                <action android:name="android.intent.action.MAIN" />
55-->build-Checkpoint_Worker_Auth-Android_Qt_5_15_2_Clang_Multi_Abi-Release/android-build/AndroidManifest.xml:22:17-68
55-->build-Checkpoint_Worker_Auth-Android_Qt_5_15_2_Clang_Multi_Abi-Release/android-build/AndroidManifest.xml:22:25-66
56
57                <category android:name="android.intent.category.LAUNCHER" />
57-->build-Checkpoint_Worker_Auth-Android_Qt_5_15_2_Clang_Multi_Abi-Release/android-build/AndroidManifest.xml:23:17-76
57-->build-Checkpoint_Worker_Auth-Android_Qt_5_15_2_Clang_Multi_Abi-Release/android-build/AndroidManifest.xml:23:27-74
58            </intent-filter>
59
60            <!-- Application arguments -->
61            <!-- meta-data android:name="android.app.arguments" android:value="arg1 arg2 arg3"/ -->
62            <!-- Application arguments -->
63
64            <meta-data
64-->build-Checkpoint_Worker_Auth-Android_Qt_5_15_2_Clang_Multi_Abi-Release/android-build/AndroidManifest.xml:30:13-100
65                android:name="android.app.lib_name"
65-->build-Checkpoint_Worker_Auth-Android_Qt_5_15_2_Clang_Multi_Abi-Release/android-build/AndroidManifest.xml:30:24-59
66                android:value="Checkpoint_Worker_Auth" />
66-->build-Checkpoint_Worker_Auth-Android_Qt_5_15_2_Clang_Multi_Abi-Release/android-build/AndroidManifest.xml:30:60-98
67            <meta-data
67-->build-Checkpoint_Worker_Auth-Android_Qt_5_15_2_Clang_Multi_Abi-Release/android-build/AndroidManifest.xml:31:13-112
68                android:name="android.app.qt_sources_resource_id"
68-->build-Checkpoint_Worker_Auth-Android_Qt_5_15_2_Clang_Multi_Abi-Release/android-build/AndroidManifest.xml:31:24-73
69                android:resource="@array/qt_sources" />
69-->build-Checkpoint_Worker_Auth-Android_Qt_5_15_2_Clang_Multi_Abi-Release/android-build/AndroidManifest.xml:31:74-110
70            <meta-data
70-->build-Checkpoint_Worker_Auth-Android_Qt_5_15_2_Clang_Multi_Abi-Release/android-build/AndroidManifest.xml:32:13-87
71                android:name="android.app.repository"
71-->build-Checkpoint_Worker_Auth-Android_Qt_5_15_2_Clang_Multi_Abi-Release/android-build/AndroidManifest.xml:32:24-61
72                android:value="default" />
72-->build-Checkpoint_Worker_Auth-Android_Qt_5_15_2_Clang_Multi_Abi-Release/android-build/AndroidManifest.xml:32:62-85
73            <meta-data
73-->build-Checkpoint_Worker_Auth-Android_Qt_5_15_2_Clang_Multi_Abi-Release/android-build/AndroidManifest.xml:33:13-106
74                android:name="android.app.qt_libs_resource_id"
74-->build-Checkpoint_Worker_Auth-Android_Qt_5_15_2_Clang_Multi_Abi-Release/android-build/AndroidManifest.xml:33:24-70
75                android:resource="@array/qt_libs" />
75-->build-Checkpoint_Worker_Auth-Android_Qt_5_15_2_Clang_Multi_Abi-Release/android-build/AndroidManifest.xml:33:71-104
76            <meta-data
76-->build-Checkpoint_Worker_Auth-Android_Qt_5_15_2_Clang_Multi_Abi-Release/android-build/AndroidManifest.xml:34:13-116
77                android:name="android.app.bundled_libs_resource_id"
77-->build-Checkpoint_Worker_Auth-Android_Qt_5_15_2_Clang_Multi_Abi-Release/android-build/AndroidManifest.xml:34:24-75
78                android:resource="@array/bundled_libs" />
78-->build-Checkpoint_Worker_Auth-Android_Qt_5_15_2_Clang_Multi_Abi-Release/android-build/AndroidManifest.xml:34:76-114
79            <!-- Deploy Qt libs as part of package -->
80            <meta-data
80-->build-Checkpoint_Worker_Auth-Android_Qt_5_15_2_Clang_Multi_Abi-Release/android-build/AndroidManifest.xml:36:13-91
81                android:name="android.app.bundle_local_qt_libs"
81-->build-Checkpoint_Worker_Auth-Android_Qt_5_15_2_Clang_Multi_Abi-Release/android-build/AndroidManifest.xml:36:24-71
82                android:value="1" />
82-->build-Checkpoint_Worker_Auth-Android_Qt_5_15_2_Clang_Multi_Abi-Release/android-build/AndroidManifest.xml:36:72-89
83
84            <!-- Run with local libs -->
85            <meta-data
85-->build-Checkpoint_Worker_Auth-Android_Qt_5_15_2_Clang_Multi_Abi-Release/android-build/AndroidManifest.xml:39:13-88
86                android:name="android.app.use_local_qt_libs"
86-->build-Checkpoint_Worker_Auth-Android_Qt_5_15_2_Clang_Multi_Abi-Release/android-build/AndroidManifest.xml:39:24-68
87                android:value="1" />
87-->build-Checkpoint_Worker_Auth-Android_Qt_5_15_2_Clang_Multi_Abi-Release/android-build/AndroidManifest.xml:39:69-86
88            <meta-data
88-->build-Checkpoint_Worker_Auth-Android_Qt_5_15_2_Clang_Multi_Abi-Release/android-build/AndroidManifest.xml:40:13-100
89                android:name="android.app.libs_prefix"
89-->build-Checkpoint_Worker_Auth-Android_Qt_5_15_2_Clang_Multi_Abi-Release/android-build/AndroidManifest.xml:40:24-62
90                android:value="/data/local/tmp/qt/" />
90-->build-Checkpoint_Worker_Auth-Android_Qt_5_15_2_Clang_Multi_Abi-Release/android-build/AndroidManifest.xml:40:63-98
91            <meta-data
91-->build-Checkpoint_Worker_Auth-Android_Qt_5_15_2_Clang_Multi_Abi-Release/android-build/AndroidManifest.xml:41:13-122
92                android:name="android.app.load_local_libs_resource_id"
92-->build-Checkpoint_Worker_Auth-Android_Qt_5_15_2_Clang_Multi_Abi-Release/android-build/AndroidManifest.xml:41:24-78
93                android:resource="@array/load_local_libs" />
93-->build-Checkpoint_Worker_Auth-Android_Qt_5_15_2_Clang_Multi_Abi-Release/android-build/AndroidManifest.xml:41:79-120
94            <meta-data
94-->build-Checkpoint_Worker_Auth-Android_Qt_5_15_2_Clang_Multi_Abi-Release/android-build/AndroidManifest.xml:42:13-171
95                android:name="android.app.load_local_jars"
95-->build-Checkpoint_Worker_Auth-Android_Qt_5_15_2_Clang_Multi_Abi-Release/android-build/AndroidManifest.xml:42:24-66
96                android:value="jar/QtAndroid.jar:jar/QtAndroidBearer.jar:jar/QtAndroidExtras.jar:jar/QtMultimedia.jar" />
96-->build-Checkpoint_Worker_Auth-Android_Qt_5_15_2_Clang_Multi_Abi-Release/android-build/AndroidManifest.xml:42:67-169
97            <meta-data
97-->build-Checkpoint_Worker_Auth-Android_Qt_5_15_2_Clang_Multi_Abi-Release/android-build/AndroidManifest.xml:43:13-143
98                android:name="android.app.static_init_classes"
98-->build-Checkpoint_Worker_Auth-Android_Qt_5_15_2_Clang_Multi_Abi-Release/android-build/AndroidManifest.xml:43:24-70
99                android:value="org.qtproject.qt5.android.multimedia.QtMultimediaUtils" />
99-->build-Checkpoint_Worker_Auth-Android_Qt_5_15_2_Clang_Multi_Abi-Release/android-build/AndroidManifest.xml:43:71-141
100            <!-- Used to specify custom system library path to run with local system libs -->
101            <!-- <meta-data android:name="android.app.system_libs_prefix" android:value="/system/lib/"/> -->
102            <!-- Messages maps -->
103            <meta-data
103-->build-Checkpoint_Worker_Auth-Android_Qt_5_15_2_Clang_Multi_Abi-Release/android-build/AndroidManifest.xml:47:13-122
104                android:name="android.app.ministro_not_found_msg"
104-->build-Checkpoint_Worker_Auth-Android_Qt_5_15_2_Clang_Multi_Abi-Release/android-build/AndroidManifest.xml:47:71-120
105                android:value="@string/ministro_not_found_msg" />
105-->build-Checkpoint_Worker_Auth-Android_Qt_5_15_2_Clang_Multi_Abi-Release/android-build/AndroidManifest.xml:47:24-70
106            <meta-data
106-->build-Checkpoint_Worker_Auth-Android_Qt_5_15_2_Clang_Multi_Abi-Release/android-build/AndroidManifest.xml:48:13-116
107                android:name="android.app.ministro_needed_msg"
107-->build-Checkpoint_Worker_Auth-Android_Qt_5_15_2_Clang_Multi_Abi-Release/android-build/AndroidManifest.xml:48:68-114
108                android:value="@string/ministro_needed_msg" />
108-->build-Checkpoint_Worker_Auth-Android_Qt_5_15_2_Clang_Multi_Abi-Release/android-build/AndroidManifest.xml:48:24-67
109            <meta-data
109-->build-Checkpoint_Worker_Auth-Android_Qt_5_15_2_Clang_Multi_Abi-Release/android-build/AndroidManifest.xml:49:13-108
110                android:name="android.app.fatal_error_msg"
110-->build-Checkpoint_Worker_Auth-Android_Qt_5_15_2_Clang_Multi_Abi-Release/android-build/AndroidManifest.xml:49:64-106
111                android:value="@string/fatal_error_msg" />
111-->build-Checkpoint_Worker_Auth-Android_Qt_5_15_2_Clang_Multi_Abi-Release/android-build/AndroidManifest.xml:49:24-63
112            <meta-data
112-->build-Checkpoint_Worker_Auth-Android_Qt_5_15_2_Clang_Multi_Abi-Release/android-build/AndroidManifest.xml:50:13-132
113                android:name="android.app.unsupported_android_version"
113-->build-Checkpoint_Worker_Auth-Android_Qt_5_15_2_Clang_Multi_Abi-Release/android-build/AndroidManifest.xml:50:76-130
114                android:value="@string/unsupported_android_version" />
114-->build-Checkpoint_Worker_Auth-Android_Qt_5_15_2_Clang_Multi_Abi-Release/android-build/AndroidManifest.xml:50:24-75
115            <!-- Messages maps -->
116
117
118            <!-- Splash screen -->
119            <!--
120                 Orientation-specific (portrait/landscape) data is checked first. If not available for current orientation,
121                 then android.app.splash_screen_drawable. For best results, use together with splash_screen_sticky and
122                 use hideSplashScreen() with a fade-out animation from Qt Android Extras to hide the splash screen when you
123                 are done populating your window with content.
124            -->
125            <!-- meta-data android:name="android.app.splash_screen_drawable_portrait" android:resource="@drawable/logo_portrait" / -->
126            <!-- meta-data android:name="android.app.splash_screen_drawable_landscape" android:resource="@drawable/logo_landscape" / -->
127            <!-- meta-data android:name="android.app.splash_screen_drawable" android:resource="@drawable/logo"/ -->
128            <!-- meta-data android:name="android.app.splash_screen_sticky" android:value="true"/ -->
129            <!-- Splash screen -->
130
131
132            <!-- Background running -->
133            <!--
134                 Warning: changing this value to true may cause unexpected crashes if the
135                          application still try to draw after
136                          "applicationStateChanged(Qt::ApplicationSuspended)"
137                          signal is sent!
138            -->
139            <meta-data
139-->build-Checkpoint_Worker_Auth-Android_Qt_5_15_2_Clang_Multi_Abi-Release/android-build/AndroidManifest.xml:69:13-93
140                android:name="android.app.background_running"
140-->build-Checkpoint_Worker_Auth-Android_Qt_5_15_2_Clang_Multi_Abi-Release/android-build/AndroidManifest.xml:69:24-69
141                android:value="false" />
141-->build-Checkpoint_Worker_Auth-Android_Qt_5_15_2_Clang_Multi_Abi-Release/android-build/AndroidManifest.xml:69:70-91
142            <!-- Background running -->
143
144
145            <!-- auto screen scale factor -->
146            <meta-data
146-->build-Checkpoint_Worker_Auth-Android_Qt_5_15_2_Clang_Multi_Abi-Release/android-build/AndroidManifest.xml:73:13-99
147                android:name="android.app.auto_screen_scale_factor"
147-->build-Checkpoint_Worker_Auth-Android_Qt_5_15_2_Clang_Multi_Abi-Release/android-build/AndroidManifest.xml:73:24-75
148                android:value="false" />
148-->build-Checkpoint_Worker_Auth-Android_Qt_5_15_2_Clang_Multi_Abi-Release/android-build/AndroidManifest.xml:73:76-97
149            <!-- auto screen scale factor -->
150
151
152            <!-- extract android style -->
153            <!--
154                 available android:values :
155                * default - In most cases this will be the same as "full", but it can also be something else if needed, e.g., for compatibility reasons
156                * full - useful QWidget & Quick Controls 1 apps
157                * minimal - useful for Quick Controls 2 apps, it is much faster than "full"
158                * none - useful for apps that don't use any of the above Qt modules
159            -->
160            <meta-data
160-->build-Checkpoint_Worker_Auth-Android_Qt_5_15_2_Clang_Multi_Abi-Release/android-build/AndroidManifest.xml:83:13-98
161                android:name="android.app.extract_android_style"
161-->build-Checkpoint_Worker_Auth-Android_Qt_5_15_2_Clang_Multi_Abi-Release/android-build/AndroidManifest.xml:83:24-72
162                android:value="default" />
162-->build-Checkpoint_Worker_Auth-Android_Qt_5_15_2_Clang_Multi_Abi-Release/android-build/AndroidManifest.xml:83:73-96
163            <!-- extract android style -->
164        </activity>
165
166        <!-- For adding service(s) please check: https://wiki.qt.io/AndroidServices -->
167
168    </application>
169
170</manifest>